<?xml version="1.0" encoding="UTF-8"?>
<!-- Generated by org.testng.reporters.JUnitReportReporter -->
<testsuite skipped="0" hostname="Laxmikant-PC" name="com.letskodeit.statuses.TwitterWorkflowTest" tests="3" failures="0" timestamp="29 Apr 2018 15:33:15 GMT" time="4.077" errors="0">
  <testcase name="deleteTweet" time="1.213" classname="com.letskodeit.statuses.TwitterWorkflowTest"/>
  <testcase name="readTweet" time="1.408" classname="com.letskodeit.statuses.TwitterWorkflowTest"/>
  <testcase name="postTweet" time="1.456" classname="com.letskodeit.statuses.TwitterWorkflowTest"/>
</testsuite> <!-- com.letskodeit.statuses.TwitterWorkflowTest -->
