<?xml version="1.0" encoding="UTF-8"?>
<!-- Generated by org.testng.reporters.JUnitReportReporter -->
<testsuite skipped="0" hostname="Laxmikant-PC" name="com.letskodeit.statuses.UserTimelineTest" tests="2" failures="0" timestamp="29 Apr 2018 15:33:15 GMT" time="4.361" errors="0">
  <testcase name="readTweets1" time="2.610" classname="com.letskodeit.statuses.UserTimelineTest"/>
  <testcase name="readTweets2" time="1.751" classname="com.letskodeit.statuses.UserTimelineTest"/>
</testsuite> <!-- com.letskodeit.statuses.UserTimelineTest -->
