<?xml version="1.0" encoding="UTF-8"?>
<!-- Generated by org.testng.reporters.JUnitReportReporter -->
<testsuite skipped="0" hostname="Laxmikant-PC" name="com.letskodeit.statuses.TwitterWorkflowTest" tests="3" failures="0" timestamp="29 Apr 2018 15:38:13 GMT" time="6.151" errors="0">
  <testcase name="readTweet" time="1.414" classname="com.letskodeit.statuses.TwitterWorkflowTest"/>
  <testcase name="deleteTweet" time="1.408" classname="com.letskodeit.statuses.TwitterWorkflowTest"/>
  <testcase name="postTweet" time="3.329" classname="com.letskodeit.statuses.TwitterWorkflowTest"/>
</testsuite> <!-- com.letskodeit.statuses.TwitterWorkflowTest -->
